[2021-01-21 20:44:02.173] [exthost] [info] extension host started
[2021-01-21 20:44:02.279] [exthost] [info] ExtensionService#_doActivateExtension vscode.microsoft-authentication {"startup":false,"extensionId":{"value":"vscode.microsoft-authentication","_lower":"vscode.microsoft-authentication"},"activationEvent":"onAuthenticationRequest:microsoft"}
[2021-01-21 20:44:02.279] [exthost] [info] ExtensionService#loadCommonJSModule file:///opt/visual-studio-code/resources/app/extensions/microsoft-authentication/dist/extension.js
[2021-01-21 20:44:02.295] [exthost] [info] ExtensionService#_doActivateExtension vscode.debug-auto-launch {"startup":true,"extensionId":{"value":"vscode.debug-auto-launch","_lower":"vscode.debug-auto-launch"},"activationEvent":"*"}
[2021-01-21 20:44:02.295] [exthost] [info] ExtensionService#loadCommonJSModule file:///opt/visual-studio-code/resources/app/extensions/debug-auto-launch/dist/extension
[2021-01-21 20:44:02.299] [exthost] [info] ExtensionService#_doActivateExtension vscode.emmet {"startup":true,"extensionId":{"value":"vscode.emmet","_lower":"vscode.emmet"},"activationEvent":"*"}
[2021-01-21 20:44:02.299] [exthost] [info] ExtensionService#loadCommonJSModule file:///opt/visual-studio-code/resources/app/extensions/emmet/dist/node/emmetNodeMain
[2021-01-21 20:44:02.319] [exthost] [info] ExtensionService#_doActivateExtension vscode.git {"startup":true,"extensionId":{"value":"vscode.github","_lower":"vscode.github"},"activationEvent":"*"}
[2021-01-21 20:44:02.320] [exthost] [info] ExtensionService#loadCommonJSModule file:///opt/visual-studio-code/resources/app/extensions/git/dist/main
[2021-01-21 20:44:02.347] [exthost] [info] ExtensionService#_doActivateExtension vscode.merge-conflict {"startup":true,"extensionId":{"value":"vscode.merge-conflict","_lower":"vscode.merge-conflict"},"activationEvent":"*"}
[2021-01-21 20:44:02.347] [exthost] [info] ExtensionService#loadCommonJSModule file:///opt/visual-studio-code/resources/app/extensions/merge-conflict/dist/mergeConflictMain
[2021-01-21 20:44:02.352] [exthost] [info] ExtensionService#_doActivateExtension vscode.search-result {"startup":true,"extensionId":{"value":"vscode.search-result","_lower":"vscode.search-result"},"activationEvent":"*"}
[2021-01-21 20:44:02.352] [exthost] [info] ExtensionService#loadCommonJSModule file:///opt/visual-studio-code/resources/app/extensions/search-result/dist/extension.js
[2021-01-21 20:44:02.355] [exthost] [info] ExtensionService#_doActivateExtension humy2833.ftp-simple {"startup":true,"extensionId":{"value":"humy2833.ftp-simple","_lower":"humy2833.ftp-simple"},"activationEvent":"*"}
[2021-01-21 20:44:02.355] [exthost] [info] ExtensionService#loadCommonJSModule file:///home/chema/.vscode/extensions/humy2833.ftp-simple-0.7.5/extension
[2021-01-21 20:44:03.207] [exthost] [info] ExtensionService#_doActivateExtension ritwickdey.LiveServer {"startup":true,"extensionId":{"value":"ritwickdey.LiveServer","_lower":"ritwickdey.liveserver"},"activationEvent":"*"}
[2021-01-21 20:44:03.207] [exthost] [info] ExtensionService#loadCommonJSModule file:///home/chema/.vscode/extensions/ritwickdey.liveserver-5.6.1/out/src/extension
[2021-01-21 20:44:04.012] [exthost] [info] ExtensionService#_doActivateExtension vscode.github {"startup":true,"extensionId":{"value":"vscode.github","_lower":"vscode.github"},"activationEvent":"*"}
[2021-01-21 20:44:04.013] [exthost] [info] ExtensionService#loadCommonJSModule file:///opt/visual-studio-code/resources/app/extensions/github/dist/extension.js
[2021-01-21 20:44:04.030] [exthost] [info] ExtensionService#_doActivateExtension ms-vscode.js-debug {"startup":false,"extensionId":{"value":"ms-vscode.js-debug","_lower":"ms-vscode.js-debug"},"activationEvent":"onCommand:extension.js-debug.clearAutoAttachVariables"}
[2021-01-21 20:44:04.030] [exthost] [info] ExtensionService#loadCommonJSModule file:///opt/visual-studio-code/resources/app/extensions/ms-vscode.js-debug/src/extension.js
[2021-01-21 20:44:04.153] [exthost] [info] eager extensions activated
[2021-01-21 20:44:04.168] [exthost] [info] ExtensionService#_doActivateExtension esbenp.prettier-vscode {"startup":false,"extensionId":{"value":"esbenp.prettier-vscode","_lower":"esbenp.prettier-vscode"},"activationEvent":"onStartupFinished"}
[2021-01-21 20:44:04.168] [exthost] [info] ExtensionService#loadCommonJSModule file:///home/chema/.vscode/extensions/esbenp.prettier-vscode-5.8.0/dist/extension
[2021-01-21 20:44:04.267] [exthost] [info] ExtensionService#_doActivateExtension GitHub.vscode-pull-request-github {"startup":false,"extensionId":{"value":"GitHub.vscode-pull-request-github","_lower":"github.vscode-pull-request-github"},"activationEvent":"onStartupFinished"}
[2021-01-21 20:44:04.268] [exthost] [info] ExtensionService#loadCommonJSModule file:///home/chema/.vscode/extensions/github.vscode-pull-request-github-0.22.0/media/extension
[2021-01-21 20:44:04.367] [exthost] [info] ExtensionService#_doActivateExtension vscode.github-authentication {"startup":false,"extensionId":{"value":"vscode.github-authentication","_lower":"vscode.github-authentication"},"activationEvent":"onAuthenticationRequest:github"}
[2021-01-21 20:44:04.367] [exthost] [info] ExtensionService#loadCommonJSModule file:///opt/visual-studio-code/resources/app/extensions/github-authentication/dist/extension.js
