[2021-01-27 15:43:03.778] [exthost] [info] extension host started
[2021-01-27 15:43:03.854] [exthost] [info] ExtensionService#_doActivateExtension vscode.microsoft-authentication {"startup":false,"extensionId":{"value":"vscode.microsoft-authentication","_lower":"vscode.microsoft-authentication"},"activationEvent":"onAuthenticationRequest:microsoft"}
[2021-01-27 15:43:03.854] [exthost] [info] ExtensionService#loadCommonJSModule file:///opt/visual-studio-code/resources/app/extensions/microsoft-authentication/dist/extension.js
[2021-01-27 15:43:03.870] [exthost] [info] ExtensionService#_doActivateExtension vscode.typescript-language-features {"startup":false,"extensionId":{"value":"vscode.typescript-language-features","_lower":"vscode.typescript-language-features"},"activationEvent":"onLanguage:javascript"}
[2021-01-27 15:43:03.871] [exthost] [info] ExtensionService#loadCommonJSModule file:///opt/visual-studio-code/resources/app/extensions/typescript-language-features/dist/extension
[2021-01-27 15:43:03.897] [exthost] [info] ExtensionService#_doActivateExtension vscode.debug-auto-launch {"startup":true,"extensionId":{"value":"vscode.debug-auto-launch","_lower":"vscode.debug-auto-launch"},"activationEvent":"*"}
[2021-01-27 15:43:03.897] [exthost] [info] ExtensionService#loadCommonJSModule file:///opt/visual-studio-code/resources/app/extensions/debug-auto-launch/dist/extension
[2021-01-27 15:43:03.904] [exthost] [info] ExtensionService#_doActivateExtension vscode.emmet {"startup":true,"extensionId":{"value":"vscode.emmet","_lower":"vscode.emmet"},"activationEvent":"*"}
[2021-01-27 15:43:03.904] [exthost] [info] ExtensionService#loadCommonJSModule file:///opt/visual-studio-code/resources/app/extensions/emmet/dist/node/emmetNodeMain
[2021-01-27 15:43:03.932] [exthost] [info] ExtensionService#_doActivateExtension vscode.git {"startup":true,"extensionId":{"value":"vscode.github","_lower":"vscode.github"},"activationEvent":"*"}
[2021-01-27 15:43:03.932] [exthost] [info] ExtensionService#loadCommonJSModule file:///opt/visual-studio-code/resources/app/extensions/git/dist/main
[2021-01-27 15:43:03.994] [exthost] [info] ExtensionService#_doActivateExtension vscode.merge-conflict {"startup":true,"extensionId":{"value":"vscode.merge-conflict","_lower":"vscode.merge-conflict"},"activationEvent":"*"}
[2021-01-27 15:43:04.000] [exthost] [info] ExtensionService#loadCommonJSModule file:///opt/visual-studio-code/resources/app/extensions/merge-conflict/dist/mergeConflictMain
[2021-01-27 15:43:04.034] [exthost] [info] ExtensionService#_doActivateExtension vscode.search-result {"startup":true,"extensionId":{"value":"vscode.search-result","_lower":"vscode.search-result"},"activationEvent":"*"}
[2021-01-27 15:43:04.037] [exthost] [info] ExtensionService#loadCommonJSModule file:///opt/visual-studio-code/resources/app/extensions/search-result/dist/extension.js
[2021-01-27 15:43:04.043] [exthost] [info] ExtensionService#_doActivateExtension humy2833.ftp-simple {"startup":true,"extensionId":{"value":"humy2833.ftp-simple","_lower":"humy2833.ftp-simple"},"activationEvent":"*"}
[2021-01-27 15:43:04.044] [exthost] [info] ExtensionService#loadCommonJSModule file:///home/chema/.vscode/extensions/humy2833.ftp-simple-0.7.5/extension
[2021-01-27 15:43:05.138] [exthost] [info] ExtensionService#_doActivateExtension ritwickdey.LiveServer {"startup":true,"extensionId":{"value":"ritwickdey.LiveServer","_lower":"ritwickdey.liveserver"},"activationEvent":"*"}
[2021-01-27 15:43:05.138] [exthost] [info] ExtensionService#loadCommonJSModule file:///home/chema/.vscode/extensions/ritwickdey.liveserver-5.6.1/out/src/extension
[2021-01-27 15:43:06.257] [exthost] [info] ExtensionService#_doActivateExtension ritwickdey.live-sass {"startup":true,"extensionId":{"value":"ritwickdey.live-sass","_lower":"ritwickdey.live-sass"},"activationEvent":"workspaceContains:**/*.s[ac]ss"}
[2021-01-27 15:43:06.257] [exthost] [info] ExtensionService#loadCommonJSModule file:///home/chema/.vscode/extensions/ritwickdey.live-sass-3.0.0/out/src/extension
[2021-01-27 15:43:15.151] [exthost] [info] ExtensionService#_doActivateExtension vscode.github {"startup":true,"extensionId":{"value":"vscode.github","_lower":"vscode.github"},"activationEvent":"*"}
[2021-01-27 15:43:15.151] [exthost] [info] ExtensionService#loadCommonJSModule file:///opt/visual-studio-code/resources/app/extensions/github/dist/extension.js
[2021-01-27 15:43:15.220] [exthost] [info] ExtensionService#_doActivateExtension esbenp.prettier-vscode {"startup":false,"extensionId":{"value":"esbenp.prettier-vscode","_lower":"esbenp.prettier-vscode"},"activationEvent":"onStartupFinished"}
[2021-01-27 15:43:15.220] [exthost] [info] ExtensionService#loadCommonJSModule file:///home/chema/.vscode/extensions/esbenp.prettier-vscode-5.8.0/dist/extension
[2021-01-27 15:43:15.325] [exthost] [info] ExtensionService#_doActivateExtension GitHub.vscode-pull-request-github {"startup":false,"extensionId":{"value":"GitHub.vscode-pull-request-github","_lower":"github.vscode-pull-request-github"},"activationEvent":"onStartupFinished"}
[2021-01-27 15:43:15.325] [exthost] [info] ExtensionService#loadCommonJSModule file:///home/chema/.vscode/extensions/github.vscode-pull-request-github-0.22.0/media/extension
[2021-01-27 15:43:15.391] [exthost] [info] ExtensionService#_doActivateExtension ms-vscode.js-debug {"startup":false,"extensionId":{"value":"ms-vscode.js-debug","_lower":"ms-vscode.js-debug"},"activationEvent":"onCommand:extension.js-debug.clearAutoAttachVariables"}
[2021-01-27 15:43:15.391] [exthost] [info] ExtensionService#loadCommonJSModule file:///opt/visual-studio-code/resources/app/extensions/ms-vscode.js-debug/src/extension.js
[2021-01-27 15:43:15.502] [exthost] [info] eager extensions activated
[2021-01-27 15:43:15.671] [exthost] [info] ExtensionService#_doActivateExtension vscode.github-authentication {"startup":false,"extensionId":{"value":"vscode.github-authentication","_lower":"vscode.github-authentication"},"activationEvent":"onAuthenticationRequest:github"}
[2021-01-27 15:43:15.671] [exthost] [info] ExtensionService#loadCommonJSModule file:///opt/visual-studio-code/resources/app/extensions/github-authentication/dist/extension.js
[2021-01-27 15:43:16.545] [exthost] [info] ExtensionService#_doActivateExtension vscode.configuration-editing {"startup":false,"extensionId":{"value":"vscode.configuration-editing","_lower":"vscode.configuration-editing"},"activationEvent":"onLanguage:jsonc"}
[2021-01-27 15:43:16.545] [exthost] [info] ExtensionService#loadCommonJSModule file:///opt/visual-studio-code/resources/app/extensions/configuration-editing/dist/configurationEditingMain
[2021-01-27 15:43:16.552] [exthost] [info] ExtensionService#_doActivateExtension vscode.json-language-features {"startup":false,"extensionId":{"value":"vscode.json-language-features","_lower":"vscode.json-language-features"},"activationEvent":"onLanguage:jsonc"}
[2021-01-27 15:43:16.552] [exthost] [info] ExtensionService#loadCommonJSModule file:///opt/visual-studio-code/resources/app/extensions/json-language-features/client/dist/node/jsonClientMain
[2021-01-27 15:52:41.463] [exthost] [info] ExtensionService#_doActivateExtension vscode.extension-editing {"startup":false,"extensionId":{"value":"vscode.extension-editing","_lower":"vscode.extension-editing"},"activationEvent":"onLanguage:typescript"}
[2021-01-27 15:52:41.463] [exthost] [info] ExtensionService#loadCommonJSModule file:///opt/visual-studio-code/resources/app/extensions/extension-editing/dist/extensionEditingMain
[2021-01-27 15:52:45.146] [exthost] [info] ExtensionService#_doActivateExtension vscode.html-language-features {"startup":false,"extensionId":{"value":"vscode.html-language-features","_lower":"vscode.html-language-features"},"activationEvent":"onLanguage:html"}
[2021-01-27 15:52:45.146] [exthost] [info] ExtensionService#loadCommonJSModule file:///opt/visual-studio-code/resources/app/extensions/html-language-features/client/dist/node/htmlClientMain
[2021-01-27 16:22:40.248] [exthost] [info] ExtensionService#_doActivateExtension vscode.css-language-features {"startup":false,"extensionId":{"value":"vscode.css-language-features","_lower":"vscode.css-language-features"},"activationEvent":"onLanguage:scss"}
[2021-01-27 16:22:40.249] [exthost] [info] ExtensionService#loadCommonJSModule file:///opt/visual-studio-code/resources/app/extensions/css-language-features/client/dist/node/cssClientMain
[2021-01-27 19:26:24.355] [exthost] [info] ExtensionService#_doActivateExtension vscode.markdown-language-features {"startup":false,"extensionId":{"value":"vscode.markdown-language-features","_lower":"vscode.markdown-language-features"},"activationEvent":"onLanguage:markdown"}
[2021-01-27 19:26:24.355] [exthost] [info] ExtensionService#loadCommonJSModule file:///opt/visual-studio-code/resources/app/extensions/markdown-language-features/dist/extension
[2021-01-28 18:00:36.282] [exthost] [warning] [Decorations] CAPPING events from decorations provider vscode.git 760
[2021-01-28 18:00:44.202] [exthost] [warning] [Decorations] CAPPING events from decorations provider vscode.git 761
[2021-01-28 18:02:06.402] [exthost] [warning] [Decorations] CAPPING events from decorations provider vscode.git 761
[2021-01-28 18:02:21.434] [exthost] [info] ExtensionService#_doActivateExtension vscode.npm {"startup":false,"extensionId":{"value":"vscode.npm","_lower":"vscode.npm"},"activationEvent":"onLanguage:json"}
[2021-01-28 18:02:21.435] [exthost] [info] ExtensionService#loadCommonJSModule file:///opt/visual-studio-code/resources/app/extensions/npm/dist/npmMain
[2021-01-28 18:02:44.669] [exthost] [warning] [Decorations] CAPPING events from decorations provider vscode.git 761
[2021-01-28 18:03:03.788] [exthost] [warning] [Decorations] CAPPING events from decorations provider vscode.git 763
[2021-01-28 18:05:30.344] [exthost] [warning] [Decorations] CAPPING events from decorations provider vscode.git 763
[2021-01-28 18:06:00.691] [exthost] [warning] [Decorations] CAPPING events from decorations provider vscode.git 761
[2021-01-28 18:08:19.576] [exthost] [warning] [Decorations] CAPPING events from decorations provider vscode.git 761
[2021-01-28 18:08:26.222] [exthost] [warning] [Decorations] CAPPING events from decorations provider vscode.git 760
[2021-01-28 18:08:31.488] [exthost] [warning] [Decorations] CAPPING events from decorations provider vscode.git 760
[2021-01-28 18:09:07.271] [exthost] [warning] [Decorations] CAPPING events from decorations provider vscode.git 761
[2021-01-28 18:10:46.001] [exthost] [warning] [Decorations] CAPPING events from decorations provider vscode.git 761
[2021-01-28 18:11:08.644] [exthost] [warning] [Decorations] CAPPING events from decorations provider vscode.git 761
[2021-01-28 18:11:21.328] [exthost] [warning] [Decorations] CAPPING events from decorations provider vscode.git 761
[2021-01-28 18:11:36.387] [exthost] [warning] [Decorations] CAPPING events from decorations provider vscode.git 759
[2021-01-28 18:12:05.130] [exthost] [warning] [Decorations] CAPPING events from decorations provider vscode.git 759
[2021-01-28 18:12:10.393] [exthost] [warning] [Decorations] CAPPING events from decorations provider vscode.git 759
[2021-01-28 18:35:12.028] [exthost] [warning] [Decorations] CAPPING events from decorations provider vscode.git 757
[2021-01-28 18:35:40.917] [exthost] [warning] [Decorations] CAPPING events from decorations provider vscode.git 757
[2021-01-28 18:35:58.290] [exthost] [warning] [Decorations] CAPPING events from decorations provider vscode.git 757
[2021-01-28 18:36:17.214] [exthost] [warning] [Decorations] CAPPING events from decorations provider vscode.git 757
[2021-01-28 18:36:35.609] [exthost] [warning] [Decorations] CAPPING events from decorations provider vscode.git 757
[2021-01-28 18:38:16.927] [exthost] [warning] [Decorations] CAPPING events from decorations provider vscode.git 757
[2021-01-28 18:38:52.593] [exthost] [warning] [Decorations] CAPPING events from decorations provider vscode.git 757
[2021-01-28 18:39:23.833] [exthost] [warning] [Decorations] CAPPING events from decorations provider vscode.git 757
[2021-01-28 18:41:09.798] [exthost] [warning] [Decorations] CAPPING events from decorations provider vscode.git 757
[2021-01-28 18:42:14.641] [exthost] [warning] [Decorations] CAPPING events from decorations provider vscode.git 757
[2021-01-28 18:42:50.813] [exthost] [warning] [Decorations] CAPPING events from decorations provider vscode.git 757
[2021-01-28 18:43:07.871] [exthost] [warning] [Decorations] CAPPING events from decorations provider vscode.git 757
[2021-01-28 18:44:20.328] [exthost] [warning] [Decorations] CAPPING events from decorations provider vscode.git 757
[2021-01-28 18:44:54.272] [exthost] [warning] [Decorations] CAPPING events from decorations provider vscode.git 757
[2021-01-28 18:45:00.541] [exthost] [warning] [Decorations] CAPPING events from decorations provider vscode.git 757
[2021-01-28 18:45:51.586] [exthost] [warning] [Decorations] CAPPING events from decorations provider vscode.git 757
[2021-01-28 18:46:33.342] [exthost] [warning] [Decorations] CAPPING events from decorations provider vscode.git 757
[2021-01-28 18:53:33.100] [exthost] [warning] [Decorations] CAPPING events from decorations provider vscode.git 1506
[2021-01-28 18:53:49.356] [exthost] [warning] [Decorations] CAPPING events from decorations provider vscode.git 1507
[2021-01-28 18:53:54.639] [exthost] [warning] [Decorations] CAPPING events from decorations provider vscode.git 1507
[2021-01-28 18:54:29.934] [exthost] [info] ExtensionService#_doActivateExtension vscode.image-preview {"startup":false,"extensionId":{"value":"vscode.image-preview","_lower":"vscode.image-preview"},"activationEvent":"onCustomEditor:imagePreview.previewEditor"}
[2021-01-28 18:54:29.935] [exthost] [info] ExtensionService#loadCommonJSModule file:///opt/visual-studio-code/resources/app/extensions/image-preview/dist/extension
[2021-01-28 18:54:31.111] [exthost] [warning] [Decorations] CAPPING events from decorations provider vscode.git 1508
[2021-01-28 18:54:36.698] [exthost] [warning] [Decorations] CAPPING events from decorations provider vscode.git 1509
[2021-01-28 18:55:58.327] [exthost] [warning] [Decorations] CAPPING events from decorations provider vscode.git 1508
