[2021-01-21 21:03:57.180] [sharedprocess] [info] main {"machineId":"6bff0b0d4d0c23a1e8eb9f150f30a74552fe6af1b8bd0ae5939726220b22ac8e","windowId":2}
[2021-01-21 21:04:13.955] [sharedprocess] [info] Installing extension: s-nlf-fh.glassit
[2021-01-21 21:04:14.750] [sharedprocess] [info] Downloaded extension: s-nlf-fh.glassit undefined
[2021-01-21 21:04:15.102] [sharedprocess] [info] Extracted extension to /home/chema/.vscode/extensions/.s-nlf-fh.glassit-0.2.3: s-nlf-fh.glassit
[2021-01-21 21:04:15.103] [sharedprocess] [info] Renamed to /home/chema/.vscode/extensions/s-nlf-fh.glassit-0.2.3
[2021-01-21 21:04:15.103] [sharedprocess] [info] Installation completed. s-nlf-fh.glassit
[2021-01-21 21:04:15.114] [sharedprocess] [info] Extensions installed successfully: s-nlf-fh.glassit
[2021-01-21 21:04:37.210] [sharedprocess] [info] Starting to clean up unused language packs.
[2021-01-21 21:05:02.807] [sharedprocess] [info] Uninstalling extension: s-nlf-fh.glassit
[2021-01-21 21:05:02.832] [sharedprocess] [info] Successfully uninstalled extension: s-nlf-fh.glassit
[2021-01-21 21:05:39.516] [sharedprocess] [info] Installing extension: xuedao.super-themes
[2021-01-21 21:05:40.065] [sharedprocess] [info] Downloaded extension: xuedao.super-themes undefined
[2021-01-21 21:05:40.206] [sharedprocess] [info] Extracted extension to /home/chema/.vscode/extensions/.xuedao.super-themes-2.1.10: xuedao.super-themes
[2021-01-21 21:05:40.207] [sharedprocess] [info] Renamed to /home/chema/.vscode/extensions/xuedao.super-themes-2.1.10
[2021-01-21 21:05:40.211] [sharedprocess] [info] Installation completed. xuedao.super-themes
[2021-01-21 21:05:40.217] [sharedprocess] [info] Extensions installed successfully: xuedao.super-themes
[2021-01-21 21:05:58.853] [sharedprocess] [info] Uninstalling extension: xuedao.super-themes
[2021-01-21 21:05:58.870] [sharedprocess] [info] Successfully uninstalled extension: xuedao.super-themes
[2021-01-21 21:06:00.532] [sharedprocess] [info] Installing extension: s-nlf-fh.glassit
[2021-01-21 21:06:00.547] [sharedprocess] [info] Downloaded extension: s-nlf-fh.glassit undefined
[2021-01-21 21:06:00.568] [sharedprocess] [info] Removed the extension from uninstalled list: s-nlf-fh.glassit
[2021-01-21 21:06:00.584] [sharedprocess] [info] Extensions installed successfully: s-nlf-fh.glassit
[2021-01-21 21:06:29.075] [sharedprocess] [info] Uninstalling extension: s-nlf-fh.glassit
[2021-01-21 21:06:29.089] [sharedprocess] [info] Successfully uninstalled extension: s-nlf-fh.glassit
