Compiling Sass/Scss Files: 
/home/chema/PC3/src/css/signup.scss
--------------------
Generated :
/home/chema/PC3/src/css/signup.css
/home/chema/PC3/src/css/signup.css.map
--------------------
Watching...
--------------------
Change Detected...
signup.scss
--------------------
Generated :
/home/chema/PC3/src/css/signup.css
/home/chema/PC3/src/css/signup.css.map
--------------------
Watching...
--------------------
Change Detected...
signup.scss
--------------------
Generated :
/home/chema/PC3/src/css/signup.css
/home/chema/PC3/src/css/signup.css.map
--------------------
Watching...
--------------------
Change Detected...
signup.scss
--------------------
Generated :
/home/chema/PC3/src/css/signup.css
/home/chema/PC3/src/css/signup.css.map
--------------------
Watching...
--------------------
Change Detected...
signup.scss
--------------------
Generated :
/home/chema/PC3/src/css/signup.css
/home/chema/PC3/src/css/signup.css.map
--------------------
Watching...
--------------------
Change Detected...
signup.scss
--------------------
Generated :
/home/chema/PC3/src/css/signup.css
/home/chema/PC3/src/css/signup.css.map
--------------------
Watching...
--------------------
Change Detected...
signup.scss
--------------------
Generated :
/home/chema/PC3/src/css/signup.css
/home/chema/PC3/src/css/signup.css.map
--------------------
Watching...
--------------------
Change Detected...
signup.scss
--------------------
Generated :
/home/chema/PC3/src/css/signup.css
/home/chema/PC3/src/css/signup.css.map
--------------------
Watching...
--------------------
Change Detected...
signup.scss
--------------------
Generated :
/home/chema/PC3/src/css/signup.css
/home/chema/PC3/src/css/signup.css.map
--------------------
Watching...
--------------------
Change Detected...
signup.scss
--------------------
Generated :
/home/chema/PC3/src/css/signup.css
/home/chema/PC3/src/css/signup.css.map
--------------------
Watching...
--------------------
Change Detected...
signup.scss
--------------------
Generated :
/home/chema/PC3/src/css/signup.css
/home/chema/PC3/src/css/signup.css.map
--------------------
Watching...
--------------------
Change Detected...
signup.scss
--------------------
Generated :
/home/chema/PC3/src/css/signup.css
/home/chema/PC3/src/css/signup.css.map
--------------------
Watching...
--------------------
Change Detected...
signup.scss
--------------------
Generated :
/home/chema/PC3/src/css/signup.css
/home/chema/PC3/src/css/signup.css.map
--------------------
Watching...
--------------------
Change Detected...
signup.scss
--------------------
Generated :
/home/chema/PC3/src/css/signup.css
/home/chema/PC3/src/css/signup.css.map
--------------------
Watching...
--------------------
