Looking for git in: git
Using git 2.30.0 from git
> git rev-parse --git-dir
Open repository: /home/chema/PC3
> git status -z -u
> git symbolic-ref --short HEAD
> git rev-parse main
> git rev-parse --symbolic-full-name main@{u}
> git rev-list --left-right main...refs/remotes/origin/main
> git for-each-ref --sort -committerdate --format %(refname) %(objectname) %(*objectname)
> git remote --verbose
> git config --get commit.template
> git check-ignore -v -z --stdin
> git config --local branch.main.github-pr-owner-number
> git check-ignore -v -z --stdin
> git status -z -u
> git symbolic-ref --short HEAD
> git rev-parse main
> git rev-parse --symbolic-full-name main@{u}
> git rev-list --left-right main...refs/remotes/origin/main
> git for-each-ref --sort -committerdate --format %(refname) %(objectname) %(*objectname)
> git remote --verbose
> git config --get commit.template
> git check-ignore -v -z --stdin
> git check-ignore -v -z --stdin
> git status -z -u
> git symbolic-ref --short HEAD
> git rev-parse main
> git rev-parse --symbolic-full-name main@{u}
> git rev-list --left-right main...refs/remotes/origin/main
> git for-each-ref --sort -committerdate --format %(refname) %(objectname) %(*objectname)
> git remote --verbose
> git config --get commit.template
> git check-ignore -v -z --stdin
> git status -z -u
> git symbolic-ref --short HEAD
> git rev-parse main
> git rev-parse --symbolic-full-name main@{u}
> git rev-list --left-right main...refs/remotes/origin/main
> git for-each-ref --sort -committerdate --format %(refname) %(objectname) %(*objectname)
> git remote --verbose
> git config --get commit.template
> git check-ignore -v -z --stdin
> git check-ignore -v -z --stdin
> git status -z -u
> git symbolic-ref --short HEAD
> git rev-parse main
> git rev-parse --symbolic-full-name main@{u}
> git rev-list --left-right main...refs/remotes/origin/main
> git for-each-ref --sort -committerdate --format %(refname) %(objectname) %(*objectname)
> git remote --verbose
> git config --get commit.template
> git check-ignore -v -z --stdin
> git status -z -u
> git symbolic-ref --short HEAD
> git rev-parse main
> git rev-parse --symbolic-full-name main@{u}
> git rev-list --left-right main...refs/remotes/origin/main
> git for-each-ref --sort -committerdate --format %(refname) %(objectname) %(*objectname)
> git remote --verbose
> git config --get commit.template
> git check-ignore -v -z --stdin
> git status -z -u
> git symbolic-ref --short HEAD
> git rev-parse main
> git rev-parse --symbolic-full-name main@{u}
> git rev-list --left-right main...refs/remotes/origin/main
> git for-each-ref --sort -committerdate --format %(refname) %(objectname) %(*objectname)
> git remote --verbose
> git config --get commit.template
> git check-ignore -v -z --stdin
> git status -z -u
> git symbolic-ref --short HEAD
> git rev-parse main
> git rev-parse --symbolic-full-name main@{u}
> git rev-list --left-right main...refs/remotes/origin/main
> git for-each-ref --sort -committerdate --format %(refname) %(objectname) %(*objectname)
> git remote --verbose
> git config --get commit.template
> git show --textconv :src/footer.html
> git ls-files --stage -- /home/chema/PC3/src/footer.html
> git cat-file -s e498d7d414e765dad80d764010e668c0b7f0461c
> git show --textconv :src/signup.html
> git ls-files --stage -- /home/chema/PC3/src/signup.html
> git cat-file -s 13fc28f73fd48aab057ca9a3eb9f4bf6153292a5
> git check-ignore -v -z --stdin
> git status -z -u
> git symbolic-ref --short HEAD
> git rev-parse main
> git rev-parse --symbolic-full-name main@{u}
> git rev-list --left-right main...refs/remotes/origin/main
> git for-each-ref --sort -committerdate --format %(refname) %(objectname) %(*objectname)
> git remote --verbose
> git config --get commit.template
> git show --textconv :src/signup.html
> git ls-files --stage -- /home/chema/PC3/src/signup.html
> git cat-file -s 13fc28f73fd48aab057ca9a3eb9f4bf6153292a5
> git check-ignore -v -z --stdin
> git status -z -u
> git symbolic-ref --short HEAD
> git rev-parse main
> git rev-parse --symbolic-full-name main@{u}
> git rev-list --left-right main...refs/remotes/origin/main
> git for-each-ref --sort -committerdate --format %(refname) %(objectname) %(*objectname)
> git remote --verbose
> git config --get commit.template
> git show --textconv :README copy.md
> git ls-files --stage -- /home/chema/PC3/README copy.md
> git check-ignore -v -z --stdin
> git status -z -u
> git symbolic-ref --short HEAD
> git rev-parse main
> git rev-parse --symbolic-full-name main@{u}
> git rev-list --left-right main...refs/remotes/origin/main
> git for-each-ref --sort -committerdate --format %(refname) %(objectname) %(*objectname)
> git remote --verbose
> git config --get commit.template
> git show --textconv :README.md.old
> git ls-files --stage -- /home/chema/PC3/README.md.old
> git show --textconv :README.md
> git ls-files --stage -- /home/chema/PC3/README.md
> git cat-file -s ff22dbd191bccfcae950bae2ff0c83599c027f5c
> git status -z -u
> git ls-files --stage -- /home/chema/PC3/README.md
> git symbolic-ref --short HEAD
> git cat-file -s ff22dbd191bccfcae950bae2ff0c83599c027f5c
> git rev-parse main
> git rev-parse --symbolic-full-name main@{u}
> git show --textconv :README.md
> git rev-list --left-right main...refs/remotes/origin/main
> git for-each-ref --sort -committerdate --format %(refname) %(objectname) %(*objectname)
> git remote --verbose
